# Logfile created on 2018-04-06 14:40:10 +0700 by logger.rb/53141
I, [2018-04-06T14:40:25.923200 #75172]  INFO -- : DummyDummy2 - /cache reminder_list
E, [2018-04-06T14:40:25.923563 #75172] ERROR -- : DummyDummy2 - Anda tidak berhak mengakses menu ini
I, [2018-04-06T14:41:02.685662 #75172]  INFO -- : DummyDummy2 - /cuti h
I, [2018-04-06T14:41:32.927549 #75172]  INFO -- : rizkyduut - /add @DummyDummy2 woi
I, [2018-04-06T14:41:39.040905 #75172]  INFO -- : DummyDummy2 - /cuti h
I, [2018-04-06T14:42:03.412701 #75172]  INFO -- : rizkyduut - /add_user @DummyDummy2 woi
I, [2018-04-06T14:42:13.971707 #75172]  INFO -- : DummyDummy2 - /cuti h
I, [2018-04-06T14:42:37.343854 #75172]  INFO -- : DummyDummy2 - /cuti 99999999999999999999999999999999999999999999999999
I, [2018-04-06T14:43:34.843767 #75172]  INFO -- : rizkyduut - /keys
I, [2018-04-06T14:44:23.290972 #75731]  INFO -- : DummyDummy2 - /help
I, [2018-04-06T14:44:52.591157 #75731]  INFO -- : DummyDummy2 - /reset 99999999999999999999999999999999999999999999999999
I, [2018-04-06T14:46:19.096010 #75731]  INFO -- : rizkyduut - /keys
I, [2018-04-06T14:47:03.644642 #75731]  INFO -- : DummyDummy2 - /cuti 1x
I, [2018-04-06T14:52:00.618163 #76948]  INFO -- : rizkyduut - /keys
I, [2018-04-06T14:54:41.689418 #76948]  INFO -- : DummyDummy2 - /reset 1
I, [2018-04-06T14:54:49.821319 #76948]  INFO -- : rizkyduut - /keys
I, [2018-04-06T14:54:59.090149 #76948]  INFO -- : rizkyduut - woi
I, [2018-04-06T14:56:36.174666 #77538]  INFO -- : rizkyduut - woi
I, [2018-04-06T14:58:08.545232 #77897]  INFO -- : rizkyduut - woi
I, [2018-04-06T15:00:12.809754 #78109]  INFO -- : rizkyduut - woi
I, [2018-04-06T15:01:19.142252 #78403]  INFO -- : rizkyduut - eh
E, [2018-04-06T15:18:24.646324 #78403] ERROR -- : #<SystemExit: exit>
I, [2018-04-06T15:23:08.353552 #80561]  INFO -- : rizkyduut - /help
I, [2018-04-06T15:23:18.917138 #80561]  INFO -- : rizkyduut - /kodok
I, [2018-04-06T15:27:29.415982 #81176]  INFO -- : rizkyduut - woi
I, [2018-04-06T15:30:51.407430 #82171]  INFO -- : rizkyduut - woi
I, [2018-04-06T15:31:03.065663 #82171]  INFO -- : rizkyduut - kodok
I, [2018-04-06T15:31:10.297415 #82171]  INFO -- : rizkyduut - /help
I, [2018-04-06T15:31:50.819132 #82338]  INFO -- : rizkyduut - woi
I, [2018-04-06T15:32:02.186515 #82338]  INFO -- : rizkyduut - asu
I, [2018-04-06T15:32:53.445334 #82552]  INFO -- : rizkyduut - wasweswos
I, [2018-04-06T15:52:14.697506 #84883]  INFO -- : rizkyduut - /status
I, [2018-04-06T15:52:18.323687 #84883]  INFO -- : rizkyduut - kodok jempalitan asu
